Build started 9/19/2015 7:46:55 AM.
     1>Project "C:\UF\teaching\CAP5705\prep_assignments\proj2_raytracer\submit\src\libst\vc2008\libst.vcxproj" on node 2 (Build target(s)).
     1>InitializeBuildStatus:
         Touching "Debug\libst.unsuccessfulbuild".
       ClCompile:
         All outputs are up-to-date.
     1>C:\Program Files (x86)\MSBuild\Microsoft.Cpp\v4.0\V110\Microsoft.CppBuild.targets(1299,5): warning MSB8012: TargetPath(C:\UF\teaching\CAP5705\prep_assignments\proj2_raytracer\submit\src\libst\vc2008\../lib\libst.lib) does not match the Library's OutputFile property value (C:\UF\teaching\CAP5705\prep_assignments\proj2_raytracer\submit\src\libst\lib\Debug\libst.lib). This may cause your project to build incorrectly. To correct this, please make sure that $(OutDir), $(TargetName) and $(TargetExt) property values match the value specified in %(Lib.OutputFile).
       Lib:
         C:\Program Files (x86)\Microsoft Visual Studio 11.0\VC\bin\Lib.exe /OUT:"../lib\Debug/libst.lib" /NOLOGO Debug\STColor3f.obj
         Debug\STColor4f.obj
         Debug\STColor4ub.obj
         Debug\STFont.obj
         Debug\STImage.obj
         Debug\STImage_jpeg.obj
         Debug\STImage_png.obj
         Debug\STImage_ppm.obj
         Debug\STJoystick.obj
         Debug\STJoystick_win32.obj
         Debug\STPoint2.obj
         Debug\STPoint3.obj
         Debug\STShaderProgram.obj
         Debug\STShape.obj
         Debug\STTexture.obj
         Debug\STTimer.obj
         Debug\STTriangleMesh.obj
         Debug\STVector2.obj
         Debug\STVector3.obj
         Debug\tiny_obj_loader.obj
         libst.vcxproj -> C:\UF\teaching\CAP5705\prep_assignments\proj2_raytracer\submit\src\libst\vc2008\../lib\libst.lib
       FinalizeBuildStatus:
         Deleting file "Debug\libst.unsuccessfulbuild".
         Touching "Debug\libst.lastbuildstate".
     1>Done Building Project "C:\UF\teaching\CAP5705\prep_assignments\proj2_raytracer\submit\src\libst\vc2008\libst.vcxproj" (Build target(s)).

Build succeeded.

Time Elapsed 00:00:00.21
