Build started 9/19/2015 7:44:19 AM.
     1>Project "C:\UF\teaching\CAP5705\prep_assignments\proj2_raytracer\submit\src\librt\rtlib.vcxproj" on node 2 (Rebuild target(s)).
     1>_PrepareForClean:
         Deleting file "Debug\librt.lastbuildstate".
     1>C:\Program Files (x86)\MSBuild\Microsoft.Cpp\v4.0\V110\Microsoft.CppBuild.targets(346,5): warning MSB8004: Output Directory does not end with a trailing slash.  This build instance will add the slash as it is required to allow proper evaluation of the Output Directory.
       InitializeBuildStatus:
         Creating "Debug\librt.unsuccessfulbuild" because "AlwaysCreate" was specified.
       ClCompile:
         C:\Program Files (x86)\Microsoft Visual Studio 11.0\VC\bin\CL.exe /c /I./include/ /IC:\cygwin\home\Corey\environmentmap\proj2_raytracer\src\libst\include /ZI /nologo /W3 /WX- /Od /Oy- /D WIN32 /D _DEBUG /D _LIB /D _UNICODE /D UNICODE /Gm /EHsc /RTC1 /MDd /GS /Zc:wchar_t /Zc:forScope /Fo"Debug\\" /Fd"Debug\vc110.pdb" /Gd /TP /analyze- /errorReport:prompt Camera.cpp Intersection.cpp Light.cpp LinearSolver.cpp Ray.cpp RayTracer.cpp RGBR_f.cpp Scene.cpp Shader.cpp Sphere.cpp Surface.cpp Triangle.cpp utilities.cpp
         utilities.cpp
         Triangle.cpp
         Surface.cpp
         Sphere.cpp
         Shader.cpp
         Scene.cpp
         RGBR_f.cpp
         RayTracer.cpp
     1>c:\uf\teaching\cap5705\prep_assignments\proj2_raytracer\submit\src\librt\raytracer.cpp(21): warning C4305: 'initializing' : truncation from 'double' to 'float'
     1>c:\uf\teaching\cap5705\prep_assignments\proj2_raytracer\submit\src\librt\raytracer.cpp(54): warning C4244: 'argument' : conversion from 'float' to 'STColor4ub::Component', possible loss of data
         Ray.cpp
         LinearSolver.cpp
         Light.cpp
         Intersection.cpp
         Camera.cpp
         Generating Code...
       Lib:
         C:\Program Files (x86)\Microsoft Visual Studio 11.0\VC\bin\Lib.exe /OUT:"./lib/Debug\librt.lib" /NOLOGO Debug\Camera.obj
         Debug\Intersection.obj
         Debug\Light.obj
         Debug\LinearSolver.obj
         Debug\Ray.obj
         Debug\RayTracer.obj
         Debug\RGBR_f.obj
         Debug\Scene.obj
         Debug\Shader.obj
         Debug\Sphere.obj
         Debug\Surface.obj
         Debug\Triangle.obj
         Debug\utilities.obj
         rtlib.vcxproj -> C:\UF\teaching\CAP5705\prep_assignments\proj2_raytracer\submit\src\librt\./lib/Debug\librt.lib
       FinalizeBuildStatus:
         Deleting file "Debug\librt.unsuccessfulbuild".
         Touching "Debug\librt.lastbuildstate".
     1>Done Building Project "C:\UF\teaching\CAP5705\prep_assignments\proj2_raytracer\submit\src\librt\rtlib.vcxproj" (Rebuild target(s)).

Build succeeded.

Time Elapsed 00:00:04.13
